<?xml version='1.0' encoding='UTF-8'?>
<dataset>
  <T_USERS ID="1" addedOn="2009-07-11 08:52:25.805" addedWho="test" updatedOn="" updatedWho="" version="1" EMAIL="admin@springside.org.cn" loginName="admin" NAME="Admin" password="admin" STATUS="enabled" updatePwd="1"/>
  <T_USERS ID="2" addedOn="2009-07-11 08:52:25.805" addedWho="test" updatedOn="" updatedWho="" version="1" EMAIL="user@springside.org.cn" loginName="user" NAME="Calvin" password="user" STATUS="enabled" updatePwd="1"/>
  <T_USERS ID="3" addedOn="2009-07-11 08:52:25.805" addedWho="test" updatedOn="" updatedWho="" version="1" EMAIL="jack@springside.org.cn" loginName="user2" NAME="Jack" password="user2" STATUS="enabled" updatePwd="1"/>
  <T_USERS ID="4" addedOn="2009-07-11 08:52:25.805" addedWho="test" updatedOn="" updatedWho="" version="1"  EMAIL="kate@springside.org.cn" loginName="user3" NAME="Kate" password="user3" STATUS="enabled" updatePwd="1"/>
  <T_USERS ID="5" addedOn="2009-07-11 08:52:25.805" addedWho="test" updatedOn="" updatedWho="" version="1"  EMAIL="sawyer@springside.org.cn" loginName="user4" NAME="Sawyer" password="user4" STATUS="enabled" updatePwd="1"/>
  <T_USERS ID="6" addedOn="2009-07-11 08:52:25.805" addedWho="test" updatedOn="" updatedWho="" version="1"  EMAIL="ben@springside.org.cn" loginName="user5" NAME="Ben" password="user5" STATUS="enabled" updatePwd="1"/>
  <T_ROLES ID="1" NAME="Admin"/>
  <T_ROLES ID="2" NAME="User"/>
  <T_USER_ROLE USER_ID="1" ROLE_ID="1"/>
  <T_USER_ROLE USER_ID="1" ROLE_ID="2"/>
  <T_USER_ROLE USER_ID="2" ROLE_ID="2"/>
  <T_USER_ROLE USER_ID="3" ROLE_ID="2"/>
  <T_USER_ROLE USER_ID="4" ROLE_ID="2"/>
  <T_USER_ROLE USER_ID="5" ROLE_ID="2"/>
  <T_USER_ROLE USER_ID="6" ROLE_ID="2"/>
  <ID_GENERATOR GEN_NAME="T_USERS" GEN_VAL="90"/>
  <ID_GENERATOR GEN_NAME="T_ROLES" GEN_VAL="90"/>
</dataset>
